[info] [:] 日志系统初始化完成
[info] [:] 使用默认输入文件: './test.pas'
[debug] [:] 读取 Pascal 源代码
[debug] [:] 开始词法分析，输入长度: 645 字节
[debug] [:] 开始解析Pascal源代码...
[debug] [:] Token: program, 类型: 258, 位置: 1:0
[debug] [:] Token: SelectSort, 类型: 321, 位置: 1:8
[debug] [:] Token: ;, 类型: 312, 位置: 1:18
[debug] [:] Token: var, 类型: 261, 位置: 3:0
[debug] [:] Token: n, 类型: 321, 位置: 4:2
[debug] [:] Token: ,, 类型: 314, 位置: 4:3
[debug] [:] Token: i, 类型: 321, 位置: 4:5
[debug] [:] Token: :, 类型: 313, 位置: 4:6
[debug] [:] Token: integer, 类型: 288, 位置: 4:8
[debug] [:] Token: ;, 类型: 312, 位置: 4:15
[debug] [:] Token: arr, 类型: 321, 位置: 5:2
[debug] [:] Token: :, 类型: 313, 位置: 5:5
[debug] [:] Token: array, 类型: 278, 位置: 5:7
[debug] [:] Token: [, 类型: 310, 位置: 5:12
[debug] [:] Token: 0, 类型: 317, 位置: 5:13
[debug] [:] Token: .., 类型: 316, 位置: 5:14
[debug] [:] Token: 9, 类型: 317, 位置: 5:16
[debug] [:] Token: ], 类型: 311, 位置: 5:17
[debug] [:] Token: of, 类型: 275, 位置: 5:19
[debug] [:] Token: integer, 类型: 288, 位置: 5:22
[debug] [:] Token: ;, 类型: 312, 位置: 5:29
[debug] [:] Token: procedure, 类型: 262, 位置: 7:0
[debug] [:] Token: selectsort, 类型: 321, 位置: 7:10
[debug] [:] Token: ;, 类型: 312, 位置: 7:20
[debug] [:] 创建空的参数列表
[debug] [:] Token: var, 类型: 261, 位置: 8:0
[debug] [:] Token: i, 类型: 321, 位置: 8:4
[debug] [:] Token: ,, 类型: 314, 位置: 8:5
[debug] [:] Token: j, 类型: 321, 位置: 8:6
[debug] [:] Token: ,, 类型: 314, 位置: 8:7
[debug] [:] Token: min, 类型: 321, 位置: 8:8
[debug] [:] Token: ,, 类型: 314, 位置: 8:11
[debug] [:] Token: tmp, 类型: 321, 位置: 8:12
[debug] [:] Token: :, 类型: 313, 位置: 8:15
[debug] [:] Token: integer, 类型: 288, 位置: 8:17
[debug] [:] Token: ;, 类型: 312, 位置: 8:24
[debug] [:] Token: begin, 类型: 259, 位置: 9:0
[debug] [:] Token: for, 类型: 269, 位置: 10:2
[debug] [:] Token: i, 类型: 321, 位置: 10:6
[debug] [:] Token: :=, 类型: 293, 位置: 10:8
[debug] [:] Token: 0, 类型: 317, 位置: 10:11
[debug] [:] Token: to, 类型: 270, 位置: 10:13
[debug] [:] Token: n, 类型: 321, 位置: 10:16
[debug] [:] Token: -, 类型: 295, 位置: 10:18
[debug] [:] Token: 2, 类型: 317, 位置: 10:20
[debug] [:] Token: do, 类型: 268, 位置: 10:22
[debug] [:] Token: begin, 类型: 259, 位置: 11:2
[debug] [:] Token: min, 类型: 321, 位置: 12:4
[debug] [:] Token: :=, 类型: 293, 位置: 12:8
[debug] [:] Token: i, 类型: 321, 位置: 12:11
[debug] [:] Token: ;, 类型: 312, 位置: 12:12
[debug] [:] 添加第一条语句到语句列表
[debug] [:] Token: for, 类型: 269, 位置: 13:4
[debug] [:] Token: j, 类型: 321, 位置: 13:8
[debug] [:] Token: :=, 类型: 293, 位置: 13:10
[debug] [:] Token: i, 类型: 321, 位置: 13:13
[debug] [:] Token: +, 类型: 294, 位置: 13:15
[debug] [:] Token: 1, 类型: 317, 位置: 13:17
[debug] [:] Token: to, 类型: 270, 位置: 13:19
[debug] [:] Token: n, 类型: 321, 位置: 13:22
[debug] [:] Token: -, 类型: 295, 位置: 13:24
[debug] [:] Token: 1, 类型: 317, 位置: 13:26
[debug] [:] Token: do, 类型: 268, 位置: 13:28
[debug] [:] Token: begin, 类型: 259, 位置: 14:4
[debug] [:] Token: if, 类型: 264, 位置: 15:6
[debug] [:] Token: arr, 类型: 321, 位置: 15:9
[debug] [:] Token: [, 类型: 310, 位置: 15:12
[debug] [:] Token: min, 类型: 321, 位置: 15:13
[debug] [:] Token: ], 类型: 311, 位置: 15:16
[debug] [:] Token: >, 类型: 302, 位置: 15:18
[debug] [:] Token: arr, 类型: 321, 位置: 15:20
[debug] [:] Token: [, 类型: 310, 位置: 15:23
[debug] [:] Token: j, 类型: 321, 位置: 15:24
[debug] [:] Token: ], 类型: 311, 位置: 15:25
[debug] [:] Token: then, 类型: 265, 位置: 15:27
[debug] [:] Token: min, 类型: 321, 位置: 16:8
[debug] [:] Token: :=, 类型: 293, 位置: 16:12
[debug] [:] Token: j, 类型: 321, 位置: 16:15
[debug] [:] Token: ;, 类型: 312, 位置: 16:16
[debug] [:] 添加第一条语句到语句列表
[debug] [:] Token: end, 类型: 260, 位置: 17:4
[debug] [:] 处理语句列表后的分号
[debug] [:] 处理完整个复合语句
[debug] [:] 向语句列表添加新语句
[debug] [:] Token: ;, 类型: 312, 位置: 17:7
[debug] [:] Token: if, 类型: 264, 位置: 18:4
[debug] [:] Token: min, 类型: 321, 位置: 18:7
[debug] [:] Token: <>, 类型: 299, 位置: 18:11
[debug] [:] Token: i, 类型: 321, 位置: 18:14
[debug] [:] Token: then, 类型: 265, 位置: 18:16
[debug] [:] Token: begin, 类型: 259, 位置: 19:4
[debug] [:] Token: tmp, 类型: 321, 位置: 20:6
[debug] [:] Token: :=, 类型: 293, 位置: 20:10
[debug] [:] Token: arr, 类型: 321, 位置: 20:13
[debug] [:] Token: [, 类型: 310, 位置: 20:16
[debug] [:] Token: min, 类型: 321, 位置: 20:17
[debug] [:] Token: ], 类型: 311, 位置: 20:20
[debug] [:] Token: ;, 类型: 312, 位置: 20:21
[debug] [:] 添加第一条语句到语句列表
[debug] [:] Token: arr, 类型: 321, 位置: 21:6
[debug] [:] Token: [, 类型: 310, 位置: 21:9
[debug] [:] Token: min, 类型: 321, 位置: 21:10
[debug] [:] Token: ], 类型: 311, 位置: 21:13
[debug] [:] Token: :=, 类型: 293, 位置: 21:15
[debug] [:] Token: arr, 类型: 321, 位置: 21:18
[debug] [:] Token: [, 类型: 310, 位置: 21:21
[debug] [:] Token: i, 类型: 321, 位置: 21:22
[debug] [:] Token: ], 类型: 311, 位置: 21:23
[debug] [:] Token: ;, 类型: 312, 位置: 21:24
[debug] [:] 向语句列表添加新语句
[debug] [:] Token: arr, 类型: 321, 位置: 22:6
[debug] [:] Token: [, 类型: 310, 位置: 22:9
[debug] [:] Token: i, 类型: 321, 位置: 22:10
[debug] [:] Token: ], 类型: 311, 位置: 22:11
[debug] [:] Token: :=, 类型: 293, 位置: 22:13
[debug] [:] Token: tmp, 类型: 321, 位置: 22:16
[debug] [:] Token: ;, 类型: 312, 位置: 22:19
[debug] [:] 向语句列表添加新语句
[debug] [:] Token: end, 类型: 260, 位置: 23:4
[debug] [:] 处理语句列表后的分号
[debug] [:] 处理完整个复合语句
[debug] [:] Token: ;, 类型: 312, 位置: 23:7
[debug] [:] 向语句列表添加新语句
[debug] [:] Token: end, 类型: 260, 位置: 24:2
[debug] [:] 处理语句列表后的分号
[debug] [:] 处理完整个复合语句
[debug] [:] 添加第一条语句到语句列表
[debug] [:] Token: ;, 类型: 312, 位置: 24:5
[debug] [:] Token: end, 类型: 260, 位置: 25:0
[debug] [:] 处理语句列表后的分号
[debug] [:] 处理完整个复合语句
[debug] [:] 创建新的声明列表用于过程selectsort
[debug] [:] 添加过程selectsort到声明列表
[debug] [:] Token: ;, 类型: 312, 位置: 25:3
[debug] [:] 过程声明处理完成，当前声明列表包含1个项目
[debug] [:] 合并过程声明后，声明列表包含3个项目
[debug] [:] Token: begin, 类型: 259, 位置: 27:0
[debug] [:] Token: n, 类型: 321, 位置: 28:2
[debug] [:] Token: :=, 类型: 293, 位置: 28:4
[debug] [:] Token: 10, 类型: 317, 位置: 28:7
[debug] [:] Token: ;, 类型: 312, 位置: 28:9
[debug] [:] 添加第一条语句到语句列表
[debug] [:] Token: arr, 类型: 321, 位置: 29:2
[debug] [:] Token: [, 类型: 310, 位置: 29:5
[debug] [:] Token: 0, 类型: 317, 位置: 29:6
[debug] [:] Token: ], 类型: 311, 位置: 29:7
[debug] [:] Token: :=, 类型: 293, 位置: 29:9
[debug] [:] Token: 4, 类型: 317, 位置: 29:12
[debug] [:] Token: ;, 类型: 312, 位置: 29:13
[debug] [:] 向语句列表添加新语句
[debug] [:] Token: arr, 类型: 321, 位置: 30:2
[debug] [:] Token: [, 类型: 310, 位置: 30:5
[debug] [:] Token: 1, 类型: 317, 位置: 30:6
[debug] [:] Token: ], 类型: 311, 位置: 30:7
[debug] [:] Token: :=, 类型: 293, 位置: 30:9
[debug] [:] Token: 3, 类型: 317, 位置: 30:12
[debug] [:] Token: ;, 类型: 312, 位置: 30:13
[debug] [:] 向语句列表添加新语句
[debug] [:] Token: arr, 类型: 321, 位置: 31:2
[debug] [:] Token: [, 类型: 310, 位置: 31:5
[debug] [:] Token: 2, 类型: 317, 位置: 31:6
[debug] [:] Token: ], 类型: 311, 位置: 31:7
[debug] [:] Token: :=, 类型: 293, 位置: 31:9
[debug] [:] Token: 9, 类型: 317, 位置: 31:12
[debug] [:] Token: ;, 类型: 312, 位置: 31:13
[debug] [:] 向语句列表添加新语句
[debug] [:] Token: arr, 类型: 321, 位置: 32:2
[debug] [:] Token: [, 类型: 310, 位置: 32:5
[debug] [:] Token: 3, 类型: 317, 位置: 32:6
[debug] [:] Token: ], 类型: 311, 位置: 32:7
[debug] [:] Token: :=, 类型: 293, 位置: 32:9
[debug] [:] Token: 2, 类型: 317, 位置: 32:12
[debug] [:] Token: ;, 类型: 312, 位置: 32:13
[debug] [:] 向语句列表添加新语句
[debug] [:] Token: arr, 类型: 321, 位置: 33:2
[debug] [:] Token: [, 类型: 310, 位置: 33:5
[debug] [:] Token: 4, 类型: 317, 位置: 33:6
[debug] [:] Token: ], 类型: 311, 位置: 33:7
[debug] [:] Token: :=, 类型: 293, 位置: 33:9
[debug] [:] Token: 0, 类型: 317, 位置: 33:12
[debug] [:] Token: ;, 类型: 312, 位置: 33:13
[debug] [:] 向语句列表添加新语句
[debug] [:] Token: arr, 类型: 321, 位置: 34:2
[debug] [:] Token: [, 类型: 310, 位置: 34:5
[debug] [:] Token: 5, 类型: 317, 位置: 34:6
[debug] [:] Token: ], 类型: 311, 位置: 34:7
[debug] [:] Token: :=, 类型: 293, 位置: 34:9
[debug] [:] Token: 1, 类型: 317, 位置: 34:12
[debug] [:] Token: ;, 类型: 312, 位置: 34:13
[debug] [:] 向语句列表添加新语句
[debug] [:] Token: arr, 类型: 321, 位置: 35:2
[debug] [:] Token: [, 类型: 310, 位置: 35:5
[debug] [:] Token: 6, 类型: 317, 位置: 35:6
[debug] [:] Token: ], 类型: 311, 位置: 35:7
[debug] [:] Token: :=, 类型: 293, 位置: 35:9
[debug] [:] Token: 6, 类型: 317, 位置: 35:12
[debug] [:] Token: ;, 类型: 312, 位置: 35:13
[debug] [:] 向语句列表添加新语句
[debug] [:] Token: arr, 类型: 321, 位置: 36:2
[debug] [:] Token: [, 类型: 310, 位置: 36:5
[debug] [:] Token: 7, 类型: 317, 位置: 36:6
[debug] [:] Token: ], 类型: 311, 位置: 36:7
[debug] [:] Token: :=, 类型: 293, 位置: 36:9
[debug] [:] Token: 5, 类型: 317, 位置: 36:12
[debug] [:] Token: ;, 类型: 312, 位置: 36:13
[debug] [:] 向语句列表添加新语句
[debug] [:] Token: arr, 类型: 321, 位置: 37:2
[debug] [:] Token: [, 类型: 310, 位置: 37:5
[debug] [:] Token: 8, 类型: 317, 位置: 37:6
[debug] [:] Token: ], 类型: 311, 位置: 37:7
[debug] [:] Token: :=, 类型: 293, 位置: 37:9
[debug] [:] Token: 7, 类型: 317, 位置: 37:12
[debug] [:] Token: ;, 类型: 312, 位置: 37:13
[debug] [:] 向语句列表添加新语句
[debug] [:] Token: arr, 类型: 321, 位置: 38:2
[debug] [:] Token: [, 类型: 310, 位置: 38:5
[debug] [:] Token: 9, 类型: 317, 位置: 38:6
[debug] [:] Token: ], 类型: 311, 位置: 38:7
[debug] [:] Token: :=, 类型: 293, 位置: 38:9
[debug] [:] Token: 8, 类型: 317, 位置: 38:12
[debug] [:] Token: ;, 类型: 312, 位置: 38:13
[debug] [:] 向语句列表添加新语句
[debug] [:] Token: selectsort, 类型: 321, 位置: 40:2
[debug] [:] Token: ;, 类型: 312, 位置: 40:12
[debug] [:] 向语句列表添加新语句
[debug] [:] Token: for, 类型: 269, 位置: 42:2
[debug] [:] Token: i, 类型: 321, 位置: 42:6
[debug] [:] Token: :=, 类型: 293, 位置: 42:8
[debug] [:] Token: 0, 类型: 317, 位置: 42:11
[debug] [:] Token: to, 类型: 270, 位置: 42:13
[debug] [:] Token: n, 类型: 321, 位置: 42:16
[debug] [:] Token: -, 类型: 295, 位置: 42:18
[debug] [:] Token: 1, 类型: 317, 位置: 42:20
[debug] [:] Token: do, 类型: 268, 位置: 42:22
[debug] [:] Token: begin, 类型: 259, 位置: 43:2
[debug] [:] Token: write, 类型: 286, 位置: 44:4
[debug] [:] Token: (, 类型: 308, 位置: 44:9
[debug] [:] Token: arr, 类型: 321, 位置: 44:10
[debug] [:] Token: [, 类型: 310, 位置: 44:13
[debug] [:] Token: i, 类型: 321, 位置: 44:14
[debug] [:] Token: ], 类型: 311, 位置: 44:15
[debug] [:] Token: ), 类型: 309, 位置: 44:16
[debug] [:] 添加第一条语句到语句列表
[debug] [:] Token: ;, 类型: 312, 位置: 44:17
[debug] [:] Token: end, 类型: 260, 位置: 45:2
[debug] [:] 处理语句列表后的分号
[debug] [:] 处理完整个复合语句
[debug] [:] 向语句列表添加新语句
[debug] [:] Token: ;, 类型: 312, 位置: 45:5
[debug] [:] Token: end, 类型: 260, 位置: 46:0
[debug] [:] 处理语句列表后的分号
[debug] [:] 处理完整个复合语句
[debug] [:] Token: ., 类型: 315, 位置: 46:3
[info] [:] 词法分析完成，共识别 214 个token
[debug] [:] 语法分析成功
[info] [:] + Program: SelectSort
[info] [:]   Body:
[info] [:]   + Block
[info] [:]     Declarations:
[info] [:]       + Variable Declaration: int
[info] [:]         - n
[info] [:]         - i
[info] [:]       + Variable Declaration: int[10]
[info] [:]         - arr
[info] [:]       + Procedure Declaration: selectsort
[info] [:]         Body:
[info] [:]           + Block
[info] [:]             Declarations:
[info] [:]               + Variable Declaration: int
[info] [:]                 - i
[info] [:]                 - j
[info] [:]                 - min
[info] [:]                 - tmp
[info] [:]             Body:
[info] [:]               + Compound Statement
[info] [:]                 + For Statement: i to
[info] [:]                   Start:
[info] [:]                     + Number: 0
[info] [:]                   End:
[info] [:]                     + Binary Op: -
[info] [:]                       Left:
[info] [:]                         + Variable: n
[info] [:]                       Right:
[info] [:]                         + Number: 2
[info] [:]                   Body:
[info] [:]                     + Compound Statement
[info] [:]                       + Assignment: min =
[info] [:]                         + Variable: i
[info] [:]                       + For Statement: j to
[info] [:]                         Start:
[info] [:]                           + Binary Op: +
[info] [:]                             Left:
[info] [:]                               + Variable: i
[info] [:]                             Right:
[info] [:]                               + Number: 1
[info] [:]                         End:
[info] [:]                           + Binary Op: -
[info] [:]                             Left:
[info] [:]                               + Variable: n
[info] [:]                             Right:
[info] [:]                               + Number: 1
[info] [:]                         Body:
[info] [:]                           + Compound Statement
[info] [:]                             + If Statement
[info] [:]                               Condition:
[info] [:]                                 + Binary Op: >
[info] [:]                                   Left:
[info] [:]                                     + Array Access: arr
[info] [:]                                       Indices:
[info] [:]                                         + Variable: min
[info] [:]                                   Right:
[info] [:]                                     + Array Access: arr
[info] [:]                                       Indices:
[info] [:]                                         + Variable: j
[info] [:]                               Then:
[info] [:]                                 + Assignment: min =
[info] [:]                                   + Variable: j
[info] [:]                       + If Statement
[info] [:]                         Condition:
[info] [:]                           + Binary Op: !=
[info] [:]                             Left:
[info] [:]                               + Variable: min
[info] [:]                             Right:
[info] [:]                               + Variable: i
[info] [:]                         Then:
[info] [:]                           + Compound Statement
[info] [:]                             + Assignment: tmp =
[info] [:]                               + Array Access: arr
[info] [:]                                 Indices:
[info] [:]                                   + Variable: min
[info] [:]                             + Array Assignment:
[info] [:]                               + Array Access: arr
[info] [:]                                 Indices:
[info] [:]                                   + Variable: min
[info] [:]                               Value:
[info] [:]                               + Array Access: arr
[info] [:]                                 Indices:
[info] [:]                                   + Variable: i
[info] [:]                             + Array Assignment:
[info] [:]                               + Array Access: arr
[info] [:]                                 Indices:
[info] [:]                                   + Variable: i
[info] [:]                               Value:
[info] [:]                               + Variable: tmp
[info] [:]     Body:
[info] [:]       + Compound Statement
[info] [:]         + Assignment: n =
[info] [:]           + Number: 10
[info] [:]         + Array Assignment:
[info] [:]           + Array Access: arr
[info] [:]             Indices:
[info] [:]               + Number: 0
[info] [:]           Value:
[info] [:]           + Number: 4
[info] [:]         + Array Assignment:
[info] [:]           + Array Access: arr
[info] [:]             Indices:
[info] [:]               + Number: 1
[info] [:]           Value:
[info] [:]           + Number: 3
[info] [:]         + Array Assignment:
[info] [:]           + Array Access: arr
[info] [:]             Indices:
[info] [:]               + Number: 2
[info] [:]           Value:
[info] [:]           + Number: 9
[info] [:]         + Array Assignment:
[info] [:]           + Array Access: arr
[info] [:]             Indices:
[info] [:]               + Number: 3
[info] [:]           Value:
[info] [:]           + Number: 2
[info] [:]         + Array Assignment:
[info] [:]           + Array Access: arr
[info] [:]             Indices:
[info] [:]               + Number: 4
[info] [:]           Value:
[info] [:]           + Number: 0
[info] [:]         + Array Assignment:
[info] [:]           + Array Access: arr
[info] [:]             Indices:
[info] [:]               + Number: 5
[info] [:]           Value:
[info] [:]           + Number: 1
[info] [:]         + Array Assignment:
[info] [:]           + Array Access: arr
[info] [:]             Indices:
[info] [:]               + Number: 6
[info] [:]           Value:
[info] [:]           + Number: 6
[info] [:]         + Array Assignment:
[info] [:]           + Array Access: arr
[info] [:]             Indices:
[info] [:]               + Number: 7
[info] [:]           Value:
[info] [:]           + Number: 5
[info] [:]         + Array Assignment:
[info] [:]           + Array Access: arr
[info] [:]             Indices:
[info] [:]               + Number: 8
[info] [:]           Value:
[info] [:]           + Number: 7
[info] [:]         + Array Assignment:
[info] [:]           + Array Access: arr
[info] [:]             Indices:
[info] [:]               + Number: 9
[info] [:]           Value:
[info] [:]           + Number: 8
[info] [:]         + Procedure Call: selectsort
[info] [:]         + For Statement: i to
[info] [:]           Start:
[info] [:]             + Number: 0
[info] [:]           End:
[info] [:]             + Binary Op: -
[info] [:]               Left:
[info] [:]                 + Variable: n
[info] [:]               Right:
[info] [:]                 + Number: 1
[info] [:]           Body:
[info] [:]             + Compound Statement
[info] [:]               + Write Statement
[info] [:]                 + Array Access: arr
[info] [:]                   Indices:
[info] [:]                     + Variable: i
[info] [:] 转换完成: './test.pas' -> './res.c'
